sudo: a terminal is required to read the password; either use the -S option to read from standard input or configure an askpass helper
Sur la branche master
Votre branche est en retard sur 'origin/master' de 1 commit, et peut être mise à jour en avance rapide.
  (utilisez "git pull" pour mettre à jour votre branche locale)

Modifications qui seront validées :
  (utilisez "git restore --staged <fichier>..." pour désindexer)
	nouveau fichier : LKH-3.0.6.tgz
	nouveau fichier : LKH-3.0.6/.DS_Store
	nouveau fichier : LKH-3.0.6/DOC/LKH-2_USER_GUIDE.pdf
	nouveau fichier : LKH-3.0.6/DOC/LKH-3_PARAMETERS.pdf
	nouveau fichier : LKH-3.0.6/DOC/LKH-3_REPORT.pdf
	nouveau fichier : LKH-3.0.6/DOC/LKH_Genetic.pdf
	nouveau fichier : LKH-3.0.6/DOC/LKH_REPORT.pdf
	nouveau fichier : LKH-3.0.6/DOC/POPMUSIC_REPORT.pdf
	nouveau fichier : LKH-3.0.6/DOC/TSPLIB_DOC.pdf
	nouveau fichier : LKH-3.0.6/LKH
	nouveau fichier : LKH-3.0.6/Makefile
	nouveau fichier : LKH-3.0.6/README.txt
	nouveau fichier : LKH-3.0.6/SRC/Activate.c
	nouveau fichier : LKH-3.0.6/SRC/AddCandidate.c
	nouveau fichier : LKH-3.0.6/SRC/AddExtraCandidates.c
	nouveau fichier : LKH-3.0.6/SRC/AddTourCandidates.c
	nouveau fichier : LKH-3.0.6/SRC/AdjustCandidateSet.c
	nouveau fichier : LKH-3.0.6/SRC/AdjustClusters.c
	nouveau fichier : LKH-3.0.6/SRC/AllocateStructures.c
	nouveau fichier : LKH-3.0.6/SRC/Ascent.c
	nouveau fichier : LKH-3.0.6/SRC/BIT.c
	nouveau fichier : LKH-3.0.6/SRC/Best2OptMove.c
	nouveau fichier : LKH-3.0.6/SRC/Best3OptMove.c
	nouveau fichier : LKH-3.0.6/SRC/Best4OptMove.c
	nouveau fichier : LKH-3.0.6/SRC/Best5OptMove.c
	nouveau fichier : LKH-3.0.6/SRC/BestKOptMove.c
	nouveau fichier : LKH-3.0.6/SRC/BestSpecialOptMove.c
	nouveau fichier : LKH-3.0.6/SRC/Between.c
	nouveau fichier : LKH-3.0.6/SRC/Between_SL.c
	nouveau fichier : LKH-3.0.6/SRC/Between_SSL.c
	nouveau fichier : LKH-3.0.6/SRC/BridgeGain.c
	nouveau fichier : LKH-3.0.6/SRC/BuildKDTree.c
	nouveau fichier : LKH-3.0.6/SRC/C.c
	nouveau fichier : LKH-3.0.6/SRC/CTSP_InitialTour.c
	nouveau fichier : LKH-3.0.6/SRC/CVRP_InitialTour.c
	nouveau fichier : LKH-3.0.6/SRC/CandidateReport.c
	nouveau fichier : LKH-3.0.6/SRC/ChooseInitialTour.c
	nouveau fichier : LKH-3.0.6/SRC/Connect.c
	nouveau fichier : LKH-3.0.6/SRC/CreateCandidateSet.c
	nouveau fichier : LKH-3.0.6/SRC/CreateDelaunayCandidateSet.c
	nouveau fichier : LKH-3.0.6/SRC/CreateNNCandidateSet.c
	nouveau fichier : LKH-3.0.6/SRC/CreateQuadrantCandidateSet.c
	nouveau fichier : LKH-3.0.6/SRC/Create_POPMUSIC_CandidateSet.c
	nouveau fichier : LKH-3.0.6/SRC/Delaunay.c
	nouveau fichier : LKH-3.0.6/SRC/Distance.c
	nouveau fichier : LKH-3.0.6/SRC/Distance_MTSP.c
	nouveau fichier : LKH-3.0.6/SRC/Distance_SOP.c
	nouveau fichier : LKH-3.0.6/SRC/Distance_SPECIAL.c
	nouveau fichier : LKH-3.0.6/SRC/ERXT.c
	nouveau fichier : LKH-3.0.6/SRC/Excludable.c
	nouveau fichier : LKH-3.0.6/SRC/Exclude.c
	nouveau fichier : LKH-3.0.6/SRC/FindTour.c
	nouveau fichier : LKH-3.0.6/SRC/FixedOrCommonCandidates.c
	nouveau fichier : LKH-3.0.6/SRC/Flip.c
	nouveau fichier : LKH-3.0.6/SRC/Flip_SL.c
	nouveau fichier : LKH-3.0.6/SRC/Flip_SSL.c
	nouveau fichier : LKH-3.0.6/SRC/Forbidden.c
	nouveau fichier : LKH-3.0.6/SRC/FreeStructures.c
	nouveau fichier : LKH-3.0.6/SRC/Gain23.c
	nouveau fichier : LKH-3.0.6/SRC/GenerateCandidates.c
	nouveau fichier : LKH-3.0.6/SRC/Genetic.c
	nouveau fichier : LKH-3.0.6/SRC/GeoConversion.c
	nouveau fichier : LKH-3.0.6/SRC/GetTime.c
	nouveau fichier : LKH-3.0.6/SRC/GreedyTour.c
	nouveau fichier : LKH-3.0.6/SRC/Hashing.c
	nouveau fichier : LKH-3.0.6/SRC/Heap.c
	nouveau fichier : LKH-3.0.6/SRC/INCLUDE/.DS_Store
	nouveau fichier : LKH-3.0.6/SRC/INCLUDE/BIT.h
	nouveau fichier : LKH-3.0.6/SRC/INCLUDE/Delaunay.h
	nouveau fichier : LKH-3.0.6/SRC/INCLUDE/GainType.h
	nouveau fichier : LKH-3.0.6/SRC/INCLUDE/Genetic.h
	nouveau fichier : LKH-3.0.6/SRC/INCLUDE/GeoConversion.h
	nouveau fichier : LKH-3.0.6/SRC/INCLUDE/Hashing.h
	nouveau fichier : LKH-3.0.6/SRC/INCLUDE/Heap.h
	nouveau fichier : LKH-3.0.6/SRC/INCLUDE/LKH.h
	nouveau fichier : LKH-3.0.6/SRC/INCLUDE/Segment.h
	nouveau fichier : LKH-3.0.6/SRC/INCLUDE/Sequence.h
	nouveau fichier : LKH-3.0.6/SRC/INCLUDE/gpx.h
	nouveau fichier : LKH-3.0.6/SRC/Improvement.c
	nouveau fichier : LKH-3.0.6/SRC/IsBackboneCandidate.c
	nouveau fichier : LKH-3.0.6/SRC/IsCandidate.c
	nouveau fichier : LKH-3.0.6/SRC/IsCommonEdge.c
	nouveau fichier : LKH-3.0.6/SRC/IsPossibleCandidate.c
	nouveau fichier : LKH-3.0.6/SRC/KSwapKick.c
	nouveau fichier : LKH-3.0.6/SRC/LKH.c
	nouveau fichier : LKH-3.0.6/SRC/LKHmain.c
	nouveau fichier : LKH-3.0.6/SRC/LinKernighan.c
	nouveau fichier : LKH-3.0.6/SRC/MTSP2TSP.c
	nouveau fichier : LKH-3.0.6/SRC/MTSP_InitialTour.c
	nouveau fichier : LKH-3.0.6/SRC/MTSP_Report.c
	nouveau fichier : LKH-3.0.6/SRC/MTSP_WriteSolution.c
	nouveau fichier : LKH-3.0.6/SRC/Make2OptMove.c
	nouveau fichier : LKH-3.0.6/SRC/Make3OptMove.c
	nouveau fichier : LKH-3.0.6/SRC/Make4OptMove.c
	nouveau fichier : LKH-3.0.6/SRC/Make5OptMove.c
	nouveau fichier : LKH-3.0.6/SRC/MakeKOptMove.c
	nouveau fichier : LKH-3.0.6/SRC/Makefile
	nouveau fichier : LKH-3.0.6/SRC/MergeTourWithBestTour.c
	nouveau fichier : LKH-3.0.6/SRC/MergeWithTourGPX2.c
	nouveau fichier : LKH-3.0.6/SRC/MergeWithTourIPT.c
	nouveau fichier : LKH-3.0.6/SRC/Minimum1TreeCost.c
	nouveau fichier : LKH-3.0.6/SRC/MinimumSpanningTree.c
	nouveau fichier : LKH-3.0.6/SRC/NormalizeNodeList.c
	nouveau fichier : LKH-3.0.6/SRC/NormalizeSegmentList.c
	nouveau fichier : LKH-3.0.6/SRC/OBJ/Activate.o
	nouveau fichier : LKH-3.0.6/SRC/OBJ/AddCandidate.o
	nouveau fichier : LKH-3.0.6/SRC/OBJ/AddExtraCandidates.o
	nouveau fichier : LKH-3.0.6/SRC/OBJ/AddTourCandidates.o
	nouveau fichier : LKH-3.0.6/SRC/OBJ/AdjustCandidateSet.o
	nouveau fichier : LKH-3.0.6/SRC/OBJ/AdjustClusters.o
	nouveau fichier : LKH-3.0.6/SRC/OBJ/AllocateStructures.o
	nouveau fichier : LKH-3.0.6/SRC/OBJ/Ascent.o
	nouveau fichier : LKH-3.0.6/SRC/OBJ/BIT.o
	nouveau fichier : LKH-3.0.6/SRC/OBJ/Best2OptMove.o
	nouveau fichier : LKH-3.0.6/SRC/OBJ/Best3OptMove.o
	nouveau fichier : LKH-3.0.6/SRC/OBJ/Best4OptMove.o
	nouveau fichier : LKH-3.0.6/SRC/OBJ/Best5OptMove.o
	nouveau fichier : LKH-3.0.6/SRC/OBJ/BestKOptMove.o
	nouveau fichier : LKH-3.0.6/SRC/OBJ/BestSpecialOptMove.o
	nouveau fichier : LKH-3.0.6/SRC/OBJ/Between.o
	nouveau fichier : LKH-3.0.6/SRC/OBJ/Between_SL.o
	nouveau fichier : LKH-3.0.6/SRC/OBJ/Between_SSL.o
	nouveau fichier : LKH-3.0.6/SRC/OBJ/BridgeGain.o
	nouveau fichier : LKH-3.0.6/SRC/OBJ/BuildKDTree.o
	nouveau fichier : LKH-3.0.6/SRC/OBJ/C.o
	nouveau fichier : LKH-3.0.6/SRC/OBJ/CTSP_InitialTour.o
	nouveau fichier : LKH-3.0.6/SRC/OBJ/CVRP_InitialTour.o
	nouveau fichier : LKH-3.0.6/SRC/OBJ/CandidateReport.o
	nouveau fichier : LKH-3.0.6/SRC/OBJ/ChooseInitialTour.o
	nouveau fichier : LKH-3.0.6/SRC/OBJ/Connect.o
	nouveau fichier : LKH-3.0.6/SRC/OBJ/CreateCandidateSet.o
	nouveau fichier : LKH-3.0.6/SRC/OBJ/CreateDelaunayCandidateSet.o
	nouveau fichier : LKH-3.0.6/SRC/OBJ/CreateNNCandidateSet.o
	nouveau fichier : LKH-3.0.6/SRC/OBJ/CreateQuadrantCandidateSet.o
	nouveau fichier : LKH-3.0.6/SRC/OBJ/Create_POPMUSIC_CandidateSet.o
	nouveau fichier : LKH-3.0.6/SRC/OBJ/Delaunay.o
	nouveau fichier : LKH-3.0.6/SRC/OBJ/Distance.o
	nouveau fichier : LKH-3.0.6/SRC/OBJ/Distance_MTSP.o
	nouveau fichier : LKH-3.0.6/SRC/OBJ/Distance_SOP.o
	nouveau fichier : LKH-3.0.6/SRC/OBJ/Distance_SPECIAL.o
	nouveau fichier : LKH-3.0.6/SRC/OBJ/ERXT.o
	nouveau fichier : LKH-3.0.6/SRC/OBJ/Excludable.o
	nouveau fichier : LKH-3.0.6/SRC/OBJ/Exclude.o
	nouveau fichier : LKH-3.0.6/SRC/OBJ/FindTour.o
	nouveau fichier : LKH-3.0.6/SRC/OBJ/FixedOrCommonCandidates.o
	nouveau fichier : LKH-3.0.6/SRC/OBJ/Flip.o
	nouveau fichier : LKH-3.0.6/SRC/OBJ/Flip_SL.o
	nouveau fichier : LKH-3.0.6/SRC/OBJ/Flip_SSL.o
	nouveau fichier : LKH-3.0.6/SRC/OBJ/Forbidden.o
	nouveau fichier : LKH-3.0.6/SRC/OBJ/FreeStructures.o
	nouveau fichier : LKH-3.0.6/SRC/OBJ/Gain23.o
	nouveau fichier : LKH-3.0.6/SRC/OBJ/GenerateCandidates.o
	nouveau fichier : LKH-3.0.6/SRC/OBJ/Genetic.o
	nouveau fichier : LKH-3.0.6/SRC/OBJ/GeoConversion.o
	nouveau fichier : LKH-3.0.6/SRC/OBJ/GetTime.o
	nouveau fichier : LKH-3.0.6/SRC/OBJ/GreedyTour.o
	nouveau fichier : LKH-3.0.6/SRC/OBJ/Hashing.o
	nouveau fichier : LKH-3.0.6/SRC/OBJ/Heap.o
	nouveau fichier : LKH-3.0.6/SRC/OBJ/Improvement.o
	nouveau fichier : LKH-3.0.6/SRC/OBJ/IsBackboneCandidate.o
	nouveau fichier : LKH-3.0.6/SRC/OBJ/IsCandidate.o
	nouveau fichier : LKH-3.0.6/SRC/OBJ/IsCommonEdge.o
	nouveau fichier : LKH-3.0.6/SRC/OBJ/IsPossibleCandidate.o
	nouveau fichier : LKH-3.0.6/SRC/OBJ/KSwapKick.o
	nouveau fichier : LKH-3.0.6/SRC/OBJ/LKH.o
	nouveau fichier : LKH-3.0.6/SRC/OBJ/LKHmain.o
	nouveau fichier : LKH-3.0.6/SRC/OBJ/LinKernighan.o
	nouveau fichier : LKH-3.0.6/SRC/OBJ/MTSP2TSP.o
	nouveau fichier : LKH-3.0.6/SRC/OBJ/MTSP_InitialTour.o
	nouveau fichier : LKH-3.0.6/SRC/OBJ/MTSP_Report.o
	nouveau fichier : LKH-3.0.6/SRC/OBJ/MTSP_WriteSolution.o
	nouveau fichier : LKH-3.0.6/SRC/OBJ/Make2OptMove.o
	nouveau fichier : LKH-3.0.6/SRC/OBJ/Make3OptMove.o
	nouveau fichier : LKH-3.0.6/SRC/OBJ/Make4OptMove.o
	nouveau fichier : LKH-3.0.6/SRC/OBJ/Make5OptMove.o
	nouveau fichier : LKH-3.0.6/SRC/OBJ/MakeKOptMove.o
	nouveau fichier : LKH-3.0.6/SRC/OBJ/MergeTourWithBestTour.o
	nouveau fichier : LKH-3.0.6/SRC/OBJ/MergeWithTourGPX2.o
	nouveau fichier : LKH-3.0.6/SRC/OBJ/MergeWithTourIPT.o
	nouveau fichier : LKH-3.0.6/SRC/OBJ/Minimum1TreeCost.o
	nouveau fichier : LKH-3.0.6/SRC/OBJ/MinimumSpanningTree.o
	nouveau fichier : LKH-3.0.6/SRC/OBJ/NormalizeNodeList.o
	nouveau fichier : LKH-3.0.6/SRC/OBJ/NormalizeSegmentList.o
	nouveau fichier : LKH-3.0.6/SRC/OBJ/OrderCandidateSet.o
	nouveau fichier : LKH-3.0.6/SRC/OBJ/PDPTW_Reduce.o
	nouveau fichier : LKH-3.0.6/SRC/OBJ/PatchCycles.o
	nouveau fichier : LKH-3.0.6/SRC/OBJ/Penalty_1_PDTSP.o
	nouveau fichier : LKH-3.0.6/SRC/OBJ/Penalty_ACVRP.o
	nouveau fichier : LKH-3.0.6/SRC/OBJ/Penalty_BWTSP.o
	nouveau fichier : LKH-3.0.6/SRC/OBJ/Penalty_CCVRP.o
	nouveau fichier : LKH-3.0.6/SRC/OBJ/Penalty_CTSP.o
	nouveau fichier : LKH-3.0.6/SRC/OBJ/Penalty_CVRP.o
	nouveau fichier : LKH-3.0.6/SRC/OBJ/Penalty_CVRPTW.o
	nouveau fichier : LKH-3.0.6/SRC/OBJ/Penalty_M1_PDTSP.o
	nouveau fichier : LKH-3.0.6/SRC/OBJ/Penalty_MLP.o
	nouveau fichier : LKH-3.0.6/SRC/OBJ/Penalty_MTSP.o
	nouveau fichier : LKH-3.0.6/SRC/OBJ/Penalty_M_PDTSP.o
	nouveau fichier : LKH-3.0.6/SRC/OBJ/Penalty_OVRP.o
	nouveau fichier : LKH-3.0.6/SRC/OBJ/Penalty_PDPTW.o
	nouveau fichier : LKH-3.0.6/SRC/OBJ/Penalty_PDTSP.o
	nouveau fichier : LKH-3.0.6/SRC/OBJ/Penalty_PDTSPF.o
	nouveau fichier : LKH-3.0.6/SRC/OBJ/Penalty_PDTSPL.o
	nouveau fichier : LKH-3.0.6/SRC/OBJ/Penalty_RCTVRP.o
	nouveau fichier : LKH-3.0.6/SRC/OBJ/Penalty_SOP.o
	nouveau fichier : LKH-3.0.6/SRC/OBJ/Penalty_TRP.o
	nouveau fichier : LKH-3.0.6/SRC/OBJ/Penalty_TSPDL.o
	nouveau fichier : LKH-3.0.6/SRC/OBJ/Penalty_TSPPD.o
	nouveau fichier : LKH-3.0.6/SRC/OBJ/Penalty_TSPTW.o
	nouveau fichier : LKH-3.0.6/SRC/OBJ/Penalty_VRPB.o
	nouveau fichier : LKH-3.0.6/SRC/OBJ/Penalty_VRPBTW.o
	nouveau fichier : LKH-3.0.6/SRC/OBJ/Penalty_VRPPD.o
	nouveau fichier : LKH-3.0.6/SRC/OBJ/PrintParameters.o
	nouveau fichier : LKH-3.0.6/SRC/OBJ/Random.o
	nouveau fichier : LKH-3.0.6/SRC/OBJ/ReadCandidates.o
	nouveau fichier : LKH-3.0.6/SRC/OBJ/ReadEdges.o
	nouveau fichier : LKH-3.0.6/SRC/OBJ/ReadLine.o
	nouveau fichier : LKH-3.0.6/SRC/OBJ/ReadParameters.o
	nouveau fichier : LKH-3.0.6/SRC/OBJ/ReadPenalties.o
	nouveau fichier : LKH-3.0.6/SRC/OBJ/ReadProblem.o
	nouveau fichier : LKH-3.0.6/SRC/OBJ/RecordBestTour.o
	nouveau fichier : LKH-3.0.6/SRC/OBJ/RecordBetterTour.o
	nouveau fichier : LKH-3.0.6/SRC/OBJ/RemoveFirstActive.o
	nouveau fichier : LKH-3.0.6/SRC/OBJ/ResetCandidateSet.o
	nouveau fichier : LKH-3.0.6/SRC/OBJ/RestoreTour.o
	nouveau fichier : LKH-3.0.6/SRC/OBJ/SFCTour.o
	nouveau fichier : LKH-3.0.6/SRC/OBJ/SINTEF_WriteSolution.o
	nouveau fichier : LKH-3.0.6/SRC/OBJ/SOP_InitialTour.o
	nouveau fichier : LKH-3.0.6/SRC/OBJ/SOP_RepairTour.o
	nouveau fichier : LKH-3.0.6/SRC/OBJ/SOP_Report.o
	nouveau fichier : LKH-3.0.6/SRC/OBJ/STTSP2TSP.o
	nouveau fichier : LKH-3.0.6/SRC/OBJ/SegmentSize.o
	nouveau fichier : LKH-3.0.6/SRC/OBJ/Sequence.o
	nouveau fichier : LKH-3.0.6/SRC/OBJ/SolveCompressedSubproblem.o
	nouveau fichier : LKH-3.0.6/SRC/OBJ/SolveDelaunaySubproblems.o
	nouveau fichier : LKH-3.0.6/SRC/OBJ/SolveKCenterSubproblems.o
	nouveau fichier : LKH-3.0.6/SRC/OBJ/SolveKMeansSubproblems.o
	nouveau fichier : LKH-3.0.6/SRC/OBJ/SolveKarpSubproblems.o
	nouveau fichier : LKH-3.0.6/SRC/OBJ/SolveRoheSubproblems.o
	nouveau fichier : LKH-3.0.6/SRC/OBJ/SolveSFCSubproblems.o
	nouveau fichier : LKH-3.0.6/SRC/OBJ/SolveSubproblem.o
	nouveau fichier : LKH-3.0.6/SRC/OBJ/SolveSubproblemBorderProblems.o
	nouveau fichier : LKH-3.0.6/SRC/OBJ/SolveTourSegmentSubproblems.o
	nouveau fichier : LKH-3.0.6/SRC/OBJ/Statistics.o
	nouveau fichier : LKH-3.0.6/SRC/OBJ/StatusReport.o
	nouveau fichier : LKH-3.0.6/SRC/OBJ/StoreTour.o
	nouveau fichier : LKH-3.0.6/SRC/OBJ/SymmetrizeCandidateSet.o
	nouveau fichier : LKH-3.0.6/SRC/OBJ/TSPDL_InitialTour.o
	nouveau fichier : LKH-3.0.6/SRC/OBJ/TSPTW_MakespanCost.o
	nouveau fichier : LKH-3.0.6/SRC/OBJ/TSPTW_Reduce.o
	nouveau fichier : LKH-3.0.6/SRC/OBJ/TrimCandidateSet.o
	nouveau fichier : LKH-3.0.6/SRC/OBJ/VRPB_Reduce.o
	nouveau fichier : LKH-3.0.6/SRC/OBJ/WriteCandidates.o
	nouveau fichier : LKH-3.0.6/SRC/OBJ/WritePenalties.o
	nouveau fichier : LKH-3.0.6/SRC/OBJ/WriteTour.o
	nouveau fichier : LKH-3.0.6/SRC/OBJ/eprintf.o
	nouveau fichier : LKH-3.0.6/SRC/OBJ/fscanint.o
	nouveau fichier : LKH-3.0.6/SRC/OBJ/gpx.o
	nouveau fichier : LKH-3.0.6/SRC/OBJ/printff.o
	nouveau fichier : LKH-3.0.6/SRC/OrderCandidateSet.c
	nouveau fichier : LKH-3.0.6/SRC/PDPTW_Reduce.c
	nouveau fichier : LKH-3.0.6/SRC/PatchCycles.c
	nouveau fichier : LKH-3.0.6/SRC/Penalty_1_PDTSP.c
	nouveau fichier : LKH-3.0.6/SRC/Penalty_ACVRP.c
	nouveau fichier : LKH-3.0.6/SRC/Penalty_BWTSP.c
	nouveau fichier : LKH-3.0.6/SRC/Penalty_CCVRP.c
	nouveau fichier : LKH-3.0.6/SRC/Penalty_CTSP.c
	nouveau fichier : LKH-3.0.6/SRC/Penalty_CVRP.c
	nouveau fichier : LKH-3.0.6/SRC/Penalty_CVRPTW.c
	nouveau fichier : LKH-3.0.6/SRC/Penalty_M1_PDTSP.c
	nouveau fichier : LKH-3.0.6/SRC/Penalty_MLP.c
	nouveau fichier : LKH-3.0.6/SRC/Penalty_MTSP.c
	nouveau fichier : LKH-3.0.6/SRC/Penalty_M_PDTSP.c
	nouveau fichier : LKH-3.0.6/SRC/Penalty_OVRP.c
	nouveau fichier : LKH-3.0.6/SRC/Penalty_PDPTW.c
	nouveau fichier : LKH-3.0.6/SRC/Penalty_PDTSP.c
	nouveau fichier : LKH-3.0.6/SRC/Penalty_PDTSPF.c
	nouveau fichier : LKH-3.0.6/SRC/Penalty_PDTSPL.c
	nouveau fichier : LKH-3.0.6/SRC/Penalty_RCTVRP.c
	nouveau fichier : LKH-3.0.6/SRC/Penalty_SOP.c
	nouveau fichier : LKH-3.0.6/SRC/Penalty_TRP.c
	nouveau fichier : LKH-3.0.6/SRC/Penalty_TSPDL.c
	nouveau fichier : LKH-3.0.6/SRC/Penalty_TSPPD.c
	nouveau fichier : LKH-3.0.6/SRC/Penalty_TSPTW.c
	nouveau fichier : LKH-3.0.6/SRC/Penalty_VRPB.c
	nouveau fichier : LKH-3.0.6/SRC/Penalty_VRPBTW.c
	nouveau fichier : LKH-3.0.6/SRC/Penalty_VRPPD.c
	nouveau fichier : LKH-3.0.6/SRC/PrintParameters.c
	nouveau fichier : LKH-3.0.6/SRC/Random.c
	nouveau fichier : LKH-3.0.6/SRC/ReadCandidates.c
	nouveau fichier : LKH-3.0.6/SRC/ReadEdges.c
	nouveau fichier : LKH-3.0.6/SRC/ReadLine.c
	nouveau fichier : LKH-3.0.6/SRC/ReadParameters.c
	nouveau fichier : LKH-3.0.6/SRC/ReadPenalties.c
	nouveau fichier : LKH-3.0.6/SRC/ReadProblem.c
	nouveau fichier : LKH-3.0.6/SRC/RecordBestTour.c
	nouveau fichier : LKH-3.0.6/SRC/RecordBetterTour.c
	nouveau fichier : LKH-3.0.6/SRC/RemoveFirstActive.c
	nouveau fichier : LKH-3.0.6/SRC/ResetCandidateSet.c
	nouveau fichier : LKH-3.0.6/SRC/RestoreTour.c
	nouveau fichier : LKH-3.0.6/SRC/SFCTour.c
	nouveau fichier : LKH-3.0.6/SRC/SINTEF_WriteSolution.c
	nouveau fichier : LKH-3.0.6/SRC/SOP_InitialTour.c
	nouveau fichier : LKH-3.0.6/SRC/SOP_RepairTour.c
	nouveau fichier : LKH-3.0.6/SRC/SOP_Report.c
	nouveau fichier : LKH-3.0.6/SRC/STTSP2TSP.c
	nouveau fichier : LKH-3.0.6/SRC/SegmentSize.c
	nouveau fichier : LKH-3.0.6/SRC/Sequence.c
	nouveau fichier : LKH-3.0.6/SRC/SolveCompressedSubproblem.c
	nouveau fichier : LKH-3.0.6/SRC/SolveDelaunaySubproblems.c
	nouveau fichier : LKH-3.0.6/SRC/SolveKCenterSubproblems.c
	nouveau fichier : LKH-3.0.6/SRC/SolveKMeansSubproblems.c
	nouveau fichier : LKH-3.0.6/SRC/SolveKarpSubproblems.c
	nouveau fichier : LKH-3.0.6/SRC/SolveRoheSubproblems.c
	nouveau fichier : LKH-3.0.6/SRC/SolveSFCSubproblems.c
	nouveau fichier : LKH-3.0.6/SRC/SolveSubproblem.c
	nouveau fichier : LKH-3.0.6/SRC/SolveSubproblemBorderProblems.c
	nouveau fichier : LKH-3.0.6/SRC/SolveTourSegmentSubproblems.c
	nouveau fichier : LKH-3.0.6/SRC/Statistics.c
	nouveau fichier : LKH-3.0.6/SRC/StatusReport.c
	nouveau fichier : LKH-3.0.6/SRC/StoreTour.c
	nouveau fichier : LKH-3.0.6/SRC/SymmetrizeCandidateSet.c
	nouveau fichier : LKH-3.0.6/SRC/TSPDL_InitialTour.c
	nouveau fichier : LKH-3.0.6/SRC/TSPTW_MakespanCost.c
	nouveau fichier : LKH-3.0.6/SRC/TSPTW_Reduce.c
	nouveau fichier : LKH-3.0.6/SRC/TrimCandidateSet.c
	nouveau fichier : LKH-3.0.6/SRC/VRPB_Reduce.c
	nouveau fichier : LKH-3.0.6/SRC/WriteCandidates.c
	nouveau fichier : LKH-3.0.6/SRC/WritePenalties.c
	nouveau fichier : LKH-3.0.6/SRC/WriteTour.c
	nouveau fichier : LKH-3.0.6/SRC/eprintf.c
	nouveau fichier : LKH-3.0.6/SRC/fscanint.c
	nouveau fichier : LKH-3.0.6/SRC/gpx.c
	nouveau fichier : LKH-3.0.6/SRC/printff.c
	nouveau fichier : LKH-3.0.6/pr2392.par
	nouveau fichier : LKH-3.0.6/pr2392.tsp
	nouveau fichier : LKH-3.0.6/whizzkids96.atsp
	nouveau fichier : LKH-3.0.6/whizzkids96.par
	nouveau fichier : LKH-3.0.8.tgz
	nouveau fichier : LKH3_20.out
	nouveau fichier : LKH3_50.out
	nouveau fichier : cvrp100_batch128_baselinenone.out
	nouveau fichier : cvrp100_batch128_baselinerollout.out
	nouveau fichier : cvrp20_batch128_baselinenone.out
	nouveau fichier : cvrp20_batch128_baselinerollout.out
	nouveau fichier : cvrp50_batch128_baselinenone.out
	nouveau fichier : cvrp50_batch128_baselinerollout.out
	modifié :         generate_data.py
	supprimé :        images/cvrp_0.png
	supprimé :        images/cvrp_1.png
	supprimé :        images/cvrp_2.png
	supprimé :        images/cvrp_3.png
	supprimé :        images/cvrp_4.png
	supprimé :        images/cvrp_5.png
	supprimé :        images/cvrp_6.png
	supprimé :        images/cvrp_7.png
	supprimé :        images/cvrp_8.png
	supprimé :        images/cvrp_9.png
	nouveau fichier : images/vehpath_cvrp100_rollout_0.png
	nouveau fichier : images/vehpath_cvrp100_rollout_1.png
	nouveau fichier : images/vehpath_cvrp100_rollout_2.png
	nouveau fichier : images/vehpath_cvrp100_rollout_3.png
	nouveau fichier : images/vehpath_cvrp100_rollout_4.png
	nouveau fichier : images/vehpath_cvrp100_rollout_5.png
	nouveau fichier : images/vehpath_cvrp100_rollout_6.png
	nouveau fichier : images/vehpath_cvrp100_rollout_7.png
	nouveau fichier : images/vehpath_cvrp100_rollout_8.png
	nouveau fichier : images/vehpath_cvrp100_rollout_9.png
	nouveau fichier : lkh-solver.py
	nouveau fichier : log_img/Actor_Loss_set_cvrp100_baseline_128_batchrollout.jpg
	nouveau fichier : log_img/Actor_Loss_set_cvrp100_baseline_None_batch128.jpg
	nouveau fichier : log_img/Actor_Loss_set_cvrp20_baseline_None_batch128.jpg
	nouveau fichier : log_img/Actor_Loss_set_cvrp20_baseline_rollout_batch128.jpg
	nouveau fichier : log_img/Actor_Loss_set_cvrp50_baseline_128_batchNone.jpg
	nouveau fichier : log_img/Actor_Loss_set_cvrp50_baseline_128_batchrollout.jpg
	nouveau fichier : log_img/Avg_cost_set_cvrp100_baseline_128_batchrollout.jpg
	nouveau fichier : log_img/Avg_cost_set_cvrp100_baseline_None_batch128.jpg
	nouveau fichier : log_img/Avg_cost_set_cvrp20_baseline_None.jpg
	nouveau fichier : log_img/Avg_cost_set_cvrp20_baseline_None_batch128.jpg
	nouveau fichier : log_img/Avg_cost_set_cvrp20_baseline_rollout_batch128.jpg
	nouveau fichier : log_img/Avg_cost_set_cvrp50_baseline_128_batchNone.jpg
	nouveau fichier : log_img/Avg_cost_set_cvrp50_baseline_128_batchrollout.jpg
	nouveau fichier : log_img/BL_Loss_set_cvrp100_baseline_128_batchrollout.jpg
	nouveau fichier : log_img/BL_Loss_set_cvrp100_baseline_None_batch128.jpg
	nouveau fichier : log_img/BL_Loss_set_cvrp20_baseline_None.jpg
	nouveau fichier : log_img/BL_Loss_set_cvrp20_baseline_None_batch128.jpg
	nouveau fichier : log_img/BL_Loss_set_cvrp20_baseline_rollout_batch128.jpg
	nouveau fichier : log_img/BL_Loss_set_cvrp50_baseline_128_batchNone.jpg
	nouveau fichier : log_img/BL_Loss_set_cvrp50_baseline_128_batchrollout.jpg
	nouveau fichier : log_img/Log_Likelihood_set_cvrp100_baseline_128_batchrollout.jpg
	nouveau fichier : log_img/Log_Likelihood_set_cvrp100_baseline_None_batch128.jpg
	nouveau fichier : log_img/Log_Likelihood_set_cvrp20_baseline_None.jpg
	nouveau fichier : log_img/Log_Likelihood_set_cvrp20_baseline_None_batch128.jpg
	nouveau fichier : log_img/Log_Likelihood_set_cvrp20_baseline_rollout_batch128.jpg
	nouveau fichier : log_img/Log_Likelihood_set_cvrp50_baseline_128_batchNone.jpg
	nouveau fichier : log_img/Log_Likelihood_set_cvrp50_baseline_128_batchrollout.jpg
	nouveau fichier : plot_vrp.py
	modifié :         problems/__init__.py
	nouveau fichier : slurm-22646.out
	nouveau fichier : slurm-22658.out
	nouveau fichier : slurm-22659.out
	nouveau fichier : slurm-22667.out
	nouveau fichier : slurm-22668.out
	nouveau fichier : slurm-22669.out
	nouveau fichier : slurm-22670.out
	nouveau fichier : slurm-22671.out
	nouveau fichier : slurm-22672.out
	nouveau fichier : slurm-22673.out
	nouveau fichier : slurm-22674.out
	nouveau fichier : slurm-22679.out
	nouveau fichier : slurm-22681.out
	nouveau fichier : slurm-22682.out
	nouveau fichier : slurm-23713.out
	nouveau fichier : slurm-23716.out
	nouveau fichier : slurm-test.sbatch
	modifié :         train.py
	modifié :         utils/functions.py
	modifié :         utils/log_utils.py

